<?xml version="1.0" encoding="UTF-8"?>
<robot generator="Robot 7.4.2 (Python 3.14.4 on win32)" generated="2026-04-29T11:50:19.582949" rpa="false" schemaversion="5">
<suite id="s1" name="Projektarbete" source="C:\Users\ElevAB\PycharmProjects\Projektarbete">
<suite id="s1-s1" name="Test ViewHandbooksList" source="C:\Users\ElevAB\PycharmProjects\Projektarbete\Test_ViewHandbooksList.robot">
<test id="s1-s1-t1" name="Test Employee Login and open handbooks" line="6">
<kw name="Open Browser" owner="SeleniumLibrary">
<msg time="2026-04-29T11:50:19.930352" level="INFO">Opening browser 'firefox' to base url 'http://localhost:5173/login'.</msg>
<arg>http://localhost:5173/login</arg>
<doc>Opens a new browser instance to the optional ``url``.</doc>
<status status="PASS" start="2026-04-29T11:50:19.930001" elapsed="10.931722"/>
</kw>
<kw name="Input Text" owner="SeleniumLibrary">
<msg time="2026-04-29T11:50:30.863981" level="INFO">Typing text 'Employee1' into text field '//*[@id="root"]/div/form/input[1]'.</msg>
<arg>//*[@id="root"]/div/form/input[1]</arg>
<arg>Employee1</arg>
<doc>Types the given ``text`` into the text field identified by ``locator``.</doc>
<status status="PASS" start="2026-04-29T11:50:30.863121" elapsed="0.165584"/>
</kw>
<kw name="Input Text" owner="SeleniumLibrary">
<msg time="2026-04-29T11:50:31.029696" level="INFO">Typing text '123' into text field '//*[@id="root"]/div/form/input[2]'.</msg>
<arg>//*[@id="root"]/div/form/input[2]</arg>
<arg>123</arg>
<doc>Types the given ``text`` into the text field identified by ``locator``.</doc>
<status status="PASS" start="2026-04-29T11:50:31.029319" elapsed="0.051836"/>
</kw>
<kw name="Click Button" owner="SeleniumLibrary">
<msg time="2026-04-29T11:50:31.082129" level="INFO">Clicking button '//*[@id="root"]/div/form/button'.</msg>
<arg>//*[@id="root"]/div/form/button</arg>
<doc>Clicks the button identified by ``locator``.</doc>
<status status="PASS" start="2026-04-29T11:50:31.081859" elapsed="0.104393"/>
</kw>
<kw name="Wait Until Element Is Visible" owner="SeleniumLibrary">
<msg time="2026-04-29T11:50:36.400393" level="INFO" html="true">&lt;/td&gt;&lt;/tr&gt;&lt;tr&gt;&lt;td colspan="3"&gt;&lt;a href="selenium-screenshot-100.png"&gt;&lt;img src="selenium-screenshot-100.png" width="800px"&gt;&lt;/a&gt;</msg>
<msg time="2026-04-29T11:50:36.400666" level="FAIL">Element '//*[@id="root"]/div/aside/nav/button[4]' not visible after 5 seconds.</msg>
<arg>//*[@id="root"]/div/aside/nav/button[4]</arg>
<doc>Waits until the element ``locator`` is visible.</doc>
<status status="FAIL" start="2026-04-29T11:50:31.186992" elapsed="5.236310">Element '//*[@id="root"]/div/aside/nav/button[4]' not visible after 5 seconds.</status>
</kw>
<kw name="Click Button" owner="SeleniumLibrary">
<arg>//*[@id="root"]/div/aside/nav/button[4]</arg>
<doc>Clicks the button identified by ``locator``.</doc>
<status status="NOT RUN" start="2026-04-29T11:50:36.423883" elapsed="0.000071"/>
</kw>
<kw name="Click Element" owner="SeleniumLibrary">
<arg>//*[@id="root"]/div/main/div/ul/li[1]/h3</arg>
<doc>Click the element identified by ``locator``.</doc>
<status status="NOT RUN" start="2026-04-29T11:50:36.424522" elapsed="0.000054"/>
</kw>
<kw name="Click Element" owner="SeleniumLibrary">
<arg>//*[@id="root"]/div/main/div/ul/li[2]/h3</arg>
<doc>Click the element identified by ``locator``.</doc>
<status status="NOT RUN" start="2026-04-29T11:50:36.425272" elapsed="0.000045"/>
</kw>
<kw name="Click Element" owner="SeleniumLibrary">
<arg>//*[@id="root"]/div/main/div/ul/li[3]/h3</arg>
<doc>Click the element identified by ``locator``.</doc>
<status status="NOT RUN" start="2026-04-29T11:50:36.425900" elapsed="0.000045"/>
</kw>
<status status="FAIL" start="2026-04-29T11:50:19.928380" elapsed="16.499309">Element '//*[@id="root"]/div/aside/nav/button[4]' not visible after 5 seconds.</status>
</test>
<status status="FAIL" start="2026-04-29T11:50:19.640607" elapsed="16.789606"/>
</suite>
<status status="FAIL" start="2026-04-29T11:50:19.585234" elapsed="16.847316"/>
</suite>
<statistics>
<total>
<stat pass="0" fail="1" skip="0">All Tests</stat>
</total>
<tag>
</tag>
<suite>
<stat name="Projektarbete" id="s1" pass="0" fail="1" skip="0">Projektarbete</stat>
<stat name="Test ViewHandbooksList" id="s1-s1" pass="0" fail="1" skip="0">Projektarbete.Test ViewHandbooksList</stat>
</suite>
</statistics>
<errors>
</errors>
</robot>
