<?xml version="1.0" encoding="UTF-8"?>
<robot generator="Robot 7.4.2 (Python 3.14.4 on win32)" generated="2026-04-29T11:24:48.808069" rpa="false" schemaversion="5">
<suite id="s1" name="Projektarbete" source="C:\Users\ElevAB\PycharmProjects\Projektarbete">
<suite id="s1-s1" name="Test ViewHandbooksList" source="C:\Users\ElevAB\PycharmProjects\Projektarbete\Test_ViewHandbooksList.robot">
<test id="s1-s1-t1" name="Test Employee Login and open handbooks" line="6">
<kw name="Open Browser" owner="SeleniumLibrary">
<msg time="2026-04-29T11:24:49.150127" level="INFO">Opening browser 'firefox' to base url 'http://localhost:5173/login'.</msg>
<msg time="2026-04-29T11:25:03.701442" level="INFO" html="true">&lt;/td&gt;&lt;/tr&gt;&lt;tr&gt;&lt;td colspan="3"&gt;&lt;a href="selenium-screenshot-96.png"&gt;&lt;img src="selenium-screenshot-96.png" width="800px"&gt;&lt;/a&gt;</msg>
<msg time="2026-04-29T11:25:03.701680" level="FAIL">WebDriverException: Message: Reached error page: about:neterror?e=connectionFailure&amp;u=http%3A//localhost%3A5173/login&amp;c=UTF-8&amp;d=Firefox%20can%E2%80%99t%20establish%20a%20connection%20to%20the%20server%20at%20localhost%3A5173.&amp;a=
Stacktrace:
RemoteError@chrome://remote/content/shared/RemoteError.sys.mjs:8:8
WebDriverError@chrome://remote/content/shared/webdriver/Errors.sys.mjs:202:5
UnknownError@chrome://remote/content/shared/webdriver/Errors.sys.mjs:961:5
checkReadyState@chrome://remote/content/marionette/navigate.sys.mjs:59:24
onNavigation@chrome://remote/content/marionette/navigate.sys.mjs:351:39
emit@resource://gre/modules/EventEmitter.sys.mjs:156:19
receiveMessage@chrome://remote/content/marionette/actors/MarionetteEventsParent.sys.mjs:33:25
</msg>
<arg>http://localhost:5173/login</arg>
<doc>Opens a new browser instance to the optional ``url``.</doc>
<status status="FAIL" start="2026-04-29T11:24:49.149440" elapsed="14.635589">WebDriverException: Message: Reached error page: about:neterror?e=connectionFailure&amp;u=http%3A//localhost%3A5173/login&amp;c=UTF-8&amp;d=Firefox%20can%E2%80%99t%20establish%20a%20connection%20to%20the%20server%20at%20localhost%3A5173.&amp;a=
Stacktrace:
RemoteError@chrome://remote/content/shared/RemoteError.sys.mjs:8:8
WebDriverError@chrome://remote/content/shared/webdriver/Errors.sys.mjs:202:5
UnknownError@chrome://remote/content/shared/webdriver/Errors.sys.mjs:961:5
checkReadyState@chrome://remote/content/marionette/navigate.sys.mjs:59:24
onNavigation@chrome://remote/content/marionette/navigate.sys.mjs:351:39
emit@resource://gre/modules/EventEmitter.sys.mjs:156:19
receiveMessage@chrome://remote/content/marionette/actors/MarionetteEventsParent.sys.mjs:33:25
</status>
</kw>
<kw name="Input Text" owner="SeleniumLibrary">
<arg>//*[@id="root"]/div/form/input[1]</arg>
<arg>Employee1</arg>
<doc>Types the given ``text`` into the text field identified by ``locator``.</doc>
<status status="NOT RUN" start="2026-04-29T11:25:03.785783" elapsed="0.000081"/>
</kw>
<kw name="Input Text" owner="SeleniumLibrary">
<arg>//*[@id="root"]/div/form/input[2]</arg>
<arg>123</arg>
<doc>Types the given ``text`` into the text field identified by ``locator``.</doc>
<status status="NOT RUN" start="2026-04-29T11:25:03.786460" elapsed="0.000068"/>
</kw>
<kw name="Click Button" owner="SeleniumLibrary">
<arg>//*[@id="root"]/div/form/button</arg>
<doc>Clicks the button identified by ``locator``.</doc>
<status status="NOT RUN" start="2026-04-29T11:25:03.787045" elapsed="0.000048"/>
</kw>
<kw name="Wait Until Element Is Visible" owner="SeleniumLibrary">
<arg>//*[@id="root"]/div/aside/nav/button[4]</arg>
<doc>Waits until the element ``locator`` is visible.</doc>
<status status="NOT RUN" start="2026-04-29T11:25:03.787538" elapsed="0.000045"/>
</kw>
<kw name="Click Button" owner="SeleniumLibrary">
<arg>//*[@id="root"]/div/aside/nav/button[4]</arg>
<doc>Clicks the button identified by ``locator``.</doc>
<status status="NOT RUN" start="2026-04-29T11:25:03.787972" elapsed="0.000042"/>
</kw>
<kw name="Click Element" owner="SeleniumLibrary">
<arg>//*[@id="root"]/div/main/div/ul/li[1]/h3</arg>
<doc>Click the element identified by ``locator``.</doc>
<status status="NOT RUN" start="2026-04-29T11:25:03.788431" elapsed="0.000064"/>
</kw>
<kw name="Click Element" owner="SeleniumLibrary">
<arg>//*[@id="root"]/div/main/div/ul/li[2]/h3</arg>
<doc>Click the element identified by ``locator``.</doc>
<status status="NOT RUN" start="2026-04-29T11:25:03.788890" elapsed="0.000058"/>
</kw>
<kw name="Click Element" owner="SeleniumLibrary">
<arg>//*[@id="root"]/div/main/div/ul/li[3]/h3</arg>
<doc>Click the element identified by ``locator``.</doc>
<status status="NOT RUN" start="2026-04-29T11:25:03.789486" elapsed="0.000087"/>
</kw>
<status status="FAIL" start="2026-04-29T11:24:49.148098" elapsed="14.643216">WebDriverException: Message: Reached error page: about:neterror?e=connectionFailure&amp;u=http%3A//localhost%3A5173/login&amp;c=UTF-8&amp;d=Firefox%20can%E2%80%99t%20establish%20a%20connection%20to%20the%20server%20at%20localhost%3A5173.&amp;a=
Stacktrace:
RemoteError@chrome://remote/content/shared/RemoteError.sys.mjs:8:8
WebDriverError@chrome://remote/content/shared/webdriver/Errors.sys.mjs:202:5
UnknownError@chrome://remote/content/shared/webdriver/Errors.sys.mjs:961:5
checkReadyState@chrome://remote/content/marionette/navigate.sys.mjs:59:24
onNavigation@chrome://remote/content/marionette/navigate.sys.mjs:351:39
emit@resource://gre/modules/EventEmitter.sys.mjs:156:19
receiveMessage@chrome://remote/content/marionette/actors/MarionetteEventsParent.sys.mjs:33:25
</status>
</test>
<status status="FAIL" start="2026-04-29T11:24:48.861221" elapsed="14.932401"/>
</suite>
<status status="FAIL" start="2026-04-29T11:24:48.809962" elapsed="14.986276"/>
</suite>
<statistics>
<total>
<stat pass="0" fail="1" skip="0">All Tests</stat>
</total>
<tag>
</tag>
<suite>
<stat name="Projektarbete" id="s1" pass="0" fail="1" skip="0">Projektarbete</stat>
<stat name="Test ViewHandbooksList" id="s1-s1" pass="0" fail="1" skip="0">Projektarbete.Test ViewHandbooksList</stat>
</suite>
</statistics>
<errors>
</errors>
</robot>
